PCAD Importer Log
Project : KMR221GLFS.LibPkg

Section : E:\Projects\Ecar Team\Parts Libary\ECAR_Refrence_Libary\Supporting Libaries\KMR221GLFS.lia
    Section : PCB Library - KMR221GLFS.PcbLib
        Section : Load Messages
            Warning - 1 : Skipping Token KMR221GLFS On Line 130
            Warning - 1 : Skipping Token attachedSymbol On Line 211
        EndSection

        Section : Import Messages
        EndSection
    EndSection

    Section : SCH Library - KMR221GLFS.SchLib
        Section : Parsing Messages
            Warning - 1 : Skipping Token padStyleDef On Line 9
            Warning - 1 : Skipping Token padStyleDef On Line 21
            Warning - 1 : Skipping Token multiLayer On Line 96
            Warning - 1 : Skipping Token layerContents On Line 103
            Warning - 1 : Skipping Token layerContents On Line 106
            Warning - 1 : Skipping Token layerContents On Line 112
            Warning - 1 : Skipping Token layerContents On Line 120
        EndSection

        Section : Generating SCH Library - KMR221GLFS.SchLib
        EndSection
    EndSection
EndSection
