Importer Log Report
Project : NTAG I2C plus Class4 Antenna v1.PrjPcb

Section : Analyze Document - E:\Projects\Ecar Team\Parts Libary\ECAR_Refrence_Libary\Other\SW3639\Eagle files\NTAG I2C plus Class4 Antenna v1.brd
    Analyzing data of E:\Projects\Ecar Team\Parts Libary\ECAR_Refrence_Libary\Other\SW3639\Eagle files\NTAG I2C plus Class4 Antenna v1.brd
    Load settings
    Load layers 140
    Load Library "pinhead (2)"
    Load Packages 1
    Load Library "rcl"
    Load Packages 1
    Load Library "NTAG_I2C"
    Load Packages 1
    Load Library "NTAG_Antennas"
    Load Packages 1
    Load Library "testpad"
    Load Packages 1
EndSection

Section : Analyze Document - E:\Projects\Ecar Team\Parts Libary\ECAR_Refrence_Libary\Other\SW3639\Eagle files\NTAG I2C plus Class4 Antenna v1.sch
    Analyzing data of E:\Projects\Ecar Team\Parts Libary\ECAR_Refrence_Libary\Other\SW3639\Eagle files\NTAG I2C plus Class4 Antenna v1.sch
    Load settings
    Load layers 140
    Load schematic
    Load Libraries 7
    Load Library "pinhead (2)"
    Load Packages 2
    Load Symbols 1
    Load DeviceSets 1
    Load Library "rcl"
    Load Packages 79
    Load Symbols 1
    Load DeviceSets 1
    Load Library "supply1"
    Load Packages 0
    Load Symbols 1
    Load DeviceSets 1
    Load Library "NTAG_I2C"
    Load Packages 2
    Load Symbols 1
    Load DeviceSets 1
    Load Library "NTAG_Antennas"
    Load Packages 2
    Load Symbols 1
    Load DeviceSets 1
    Load Library "testpad"
    Load Packages 38
    Load Symbols 1
    Load DeviceSets 1
    Load Library "SparkFun-Aesthetics"
    Load Packages 0
    Load Symbols 1
    Load DeviceSets 1
    Load Attributes 0
    Load Classes 1
    Load Parts 8
    Load Sheets 1
EndSection
