Change Component Designator: Old Designator=C? New Designator=C4
Change Component Designator: Old Designator=C? New Designator=C5
Change Component Designator: Old Designator=C? New Designator=C6
Change Component Designator: Old Designator=C? New Designator=C7
Change Component Designator: Old Designator=C? New Designator=C8
Change Component Designator: Old Designator=C? New Designator=C9
Change Component Designator: Old Designator=D? New Designator=D1
Change Component Designator: Old Designator=D? New Designator=D2
Change Component Designator: Old Designator=F? New Designator=F1
Change Component Designator: Old Designator=F? New Designator=F2
Change Component Designator: Old Designator=F? New Designator=F3
Change Component Designator: Old Designator=F? New Designator=F4
Change Component Designator: Old Designator=J? New Designator=J1
Change Component Designator: Old Designator=J? New Designator=J2
Change Component Designator: Old Designator=J? New Designator=J3
Change Component Designator: Old Designator=J? New Designator=J4
Change Component Designator: Old Designator=J? New Designator=J5
Change Component Designator: Old Designator=R? New Designator=R3
Change Component Designator: Old Designator=R? New Designator=R4
Change Component Designator: Old Designator=R? New Designator=R5
Change Component Designator: Old Designator=R? New Designator=R6
Change Component Designator: Old Designator=R? New Designator=R7
Change Component Designator: Old Designator=R? New Designator=R8
Change Component Designator: Old Designator=R? New Designator=R9
Change Component Designator: Old Designator=R? New Designator=R10
Change Component Designator: Old Designator=TP? New Designator=TP2
Change Component Designator: Old Designator=TP? New Designator=TP3
