Added Component: Designator=U2(QFN50P700X700X100_HS-49N)
Add component. Clean all parameters for all variants
Added Pin To Net: NetName=FB Pin=U2-1
Added Pin To Net: NetName=SNA Pin=U2-2
Added Pin To Net: NetName=NetC14_1 Pin=U2-3
Added Pin To Net: NetName=NetC14_2 Pin=U2-4
Added Pin To Net: NetName=NetC13_2 Pin=U2-5
Added Pin To Net: NetName=V_BATT Pin=U2-6
Added Pin To Net: NetName=V_BATT Pin=U2-7
Added Pin To Net: NetName=GHA Pin=U2-8
Added Pin To Net: NetName=SHA Pin=U2-9
Added Pin To Net: NetName=GLA Pin=U2-10
Added Pin To Net: NetName=SPA Pin=U2-11
Added Pin To Net: NetName=SNA Pin=U2-12
Added Pin To Net: NetName=SNA Pin=U2-13
Added Pin To Net: NetName=SPB Pin=U2-14
Added Pin To Net: NetName=GLB Pin=U2-15
Added Pin To Net: NetName=SHB Pin=U2-16
Added Pin To Net: NetName=GHB Pin=U2-17
Added Pin To Net: NetName=GHC Pin=U2-18
Added Pin To Net: NetName=SHC Pin=U2-19
Added Pin To Net: NetName=GLC Pin=U2-20
Added Pin To Net: NetName=SPC Pin=U2-21
Added Pin To Net: NetName=SNA Pin=U2-22
Added Pin To Net: NetName=SOC Pin=U2-23
Added Pin To Net: NetName=SOB Pin=U2-24
Added Pin To Net: NetName=SOA Pin=U2-25
Added Pin To Net: NetName=3.3V Pin=U2-26
Added Pin To Net: NetName=SNA Pin=U2-27
Added Pin To Net: NetName=nFault Pin=U2-28
Added Pin To Net: NetName=SOMI Pin=U2-29
Added Pin To Net: NetName=SIMO Pin=U2-30
Added Pin To Net: NetName=SCLK Pin=U2-31
Added Pin To Net: NetName=SSEL Pin=U2-32
Added Pin To Net: NetName=Enable Pin=U2-33
Added Pin To Net: NetName=CAL Pin=U2-34
Added Pin To Net: NetName=SNA Pin=U2-35
Added Pin To Net: NetName=NetC16_2 Pin=U2-36
Added Pin To Net: NetName=INHA Pin=U2-37
Added Pin To Net: NetName=INLA Pin=U2-38
Added Pin To Net: NetName=INHB Pin=U2-39
Added Pin To Net: NetName=INLB Pin=U2-40
Added Pin To Net: NetName=INHC Pin=U2-41
Added Pin To Net: NetName=INLC Pin=U2-42
Added Pin To Net: NetName=SNA Pin=U2-43
Added Pin To Net: NetName=CB Pin=U2-44
Added Pin To Net: NetName=SW Pin=U2-45
Added Pin To Net: NetName=V_BATT Pin=U2-47
Added Pin To Net: NetName=SNA Pin=U2-48
Added Pin To Net: NetName=SNA Pin=U2-49
Change Net Name : Old Net Name=NetC4_1 New Net Name=Vin_NF
Added Member To Class: ClassName=Gate Driver & H-Bridge Member=Component U2 Driver Chip
